<?xml version="1.0" encoding="UTF-8"?>
<!-- Generated by org.testng.reporters.JUnitXMLReporter -->
<testsuite ignored="4" hostname="SAGITEC-0761" failures="0" tests="2" name="Test1" time="53.531" errors="0" timestamp="2025-03-29T11:23:35 IST">
  <testcase classname="Product_Test.CreateProductsTest" name="CreateProduct" time="16.411"/>
  <testcase classname="Contact_test.CreateContactTest" name="CreateConatctTest" time="20.009"/>
  <testcase classname="BaseClass.Baseclass" name="@AfterSuite AfterSuite" time="0.0">
    <ignored/>
  </testcase> <!-- @AfterSuite AfterSuite -->
  <testcase classname="BaseClass.Baseclass" name="@BeforeTest beforeTest" time="0.0">
    <ignored/>
  </testcase> <!-- @BeforeTest beforeTest -->
  <testcase classname="BaseClass.Baseclass" name="@BeforeSuite beforeSuite" time="0.0">
    <ignored/>
  </testcase> <!-- @BeforeSuite beforeSuite -->
  <testcase classname="BaseClass.Baseclass" name="@AfterTest AfterTest" time="0.0">
    <ignored/>
  </testcase> <!-- @AfterTest AfterTest -->
</testsuite> <!-- Test1 -->
