<?xml version="1.0" encoding="UTF-8"?>
<!-- Generated by org.testng.reporters.JUnitXMLReporter -->
<testsuite ignored="0" hostname="SAGITEC-0761" failures="0" tests="2" name="Test_Chrome" time="14.786" errors="0" timestamp="2025-03-21T20:27:49 IST">
  <testcase classname="Campaign_Test.CreateCampaignTestWithMandotary" name="CampWithClosedDateTest" time="8.246"/>
  <testcase classname="Campaign_Test.CreateCampaignTestWithMandotary" name="CreatecampTest" time="6.499"/>
</testsuite> <!-- Test_Chrome -->
